<?xml version="1.0" encoding="UTF-8"?>
<testng-results skipped="0" failed="0" total="1" passed="1">
  <reporter-output>
  </reporter-output>
  <suite name="com.ae.TestAEusingTestNGTest" duration-ms="35" started-at="2019-11-14T23:10:45Z" finished-at="2019-11-14T23:10:45Z">
    <groups>
    </groups>
    <test name="Command line test" duration-ms="35" started-at="2019-11-14T23:10:45Z" finished-at="2019-11-14T23:10:45Z">
      <class name="com.ae.TestAEusingTestNGTest">
        <test-method status="PASS" signature="f()[pri:0, instance:com.ae.TestAEusingTestNGTest@7c30a502]" name="f" duration-ms="14" started-at="2019-11-14T23:10:45Z" finished-at="2019-11-14T23:10:45Z">
          <reporter-output>
          </reporter-output>
        </test-method> <!-- f -->
      </class> <!-- com.ae.TestAEusingTestNGTest -->
    </test> <!-- Command line test -->
  </suite> <!-- com.ae.TestAEusingTestNGTest -->
</testng-results>
